This is pdfTeX, Version 3.14159265-2.6-1.40.21 (MiKTeX 21.1) (preloaded format=pdflatex 2021.2.9)  14 SEP 2021 17:55
entering extended mode
**c:/Home/RoamNotes/20210914163853-o_notation.org
(c:/Home/RoamNotes/20210914163853-o_notation.org
LaTeX2e <2020-10-01> patch level 4
L3 programming layer <2021-01-09> xparse <2020-03-03>

! LaTeX Error: Missing \begin{document}.

See the LaTeX manual or LaTeX Companion for explanation.
Type  H <return>  for immediate help.
 ...                                              
                                                  
l.1 :
     PROPERTIES:
? 
! Emergency stop.
 ...                                              
                                                  
l.1 :
     PROPERTIES:
You're in trouble here.  Try typing  <return>  to proceed.
If that doesn't work, type  X <return>  to quit.

 
Here is how much of TeX's memory you used:
 21 strings out of 479618
 638 string characters out of 2865027
 270099 words of memory out of 3000000
 17291 multiletter control sequences out of 15000+200000
 403430 words of font info for 27 fonts, out of 3000000 for 9000
 1141 hyphenation exceptions out of 8191
 13i,0n,15p,91b,14s stack positions out of 5000i,500n,10000p,200000b,50000s
!  ==> Fatal error occurred, no output PDF file produced!
